{
  "stats": {
    "suites": 1,
    "tests": 1,
    "passes": 1,
    "pending": 0,
    "failures": 0,
    "start": "2021-04-29T08:23:32.084Z",
    "end": "2021-04-29T08:24:04.486Z",
    "duration": 32402,
    "testsRegistered": 1,
    "passPercent": 100,
    "pendingPercent": 0,
    "other": 0,
    "hasOther": false,
    "skipped": 0,
    "hasSkipped": false
  },
  "results": [
    {
      "uuid": "090d6c82-32b6-421a-a452-3fb64860a882",
      "title": "",
      "fullFile": "cypress/integration/login.spec.js",
      "file": "cypress/integration/login.spec.js",
      "beforeHooks": [],
      "afterHooks": [],
      "tests": [],
      "suites": [
        {
          "uuid": "729c7190-0c66-49ac-b8c6-c0e3117fdde0",
          "title": "First example",
          "fullFile": "",
          "file": "",
          "beforeHooks": [],
          "afterHooks": [],
          "tests": [
            {
              "title": "login",
              "fullTitle": "First example login",
              "timedOut": null,
              "duration": 15532,
              "state": "passed",
              "speed": "slow",
              "pass": true,
              "fail": false,
              "pending": false,
              "context": null,
              "code": "cy.visit('http://localhost:3000/');\ncy.get('h2').should(\"contain\", \"Login\");\ncy.percySnapshot('index-page');\ncy.get(':nth-child(1) > input').type(\"tester01\");\ncy.get(':nth-child(2) > input').type(\"GteteqbQQgSr88SwNExUQv2ydb7xuf8c\");\ncy.get('.btn').click();\ncy.get('.username').should(\"contain\", \"Welcome tester01\");\ncy.wait(2000);\ncy.percySnapshot('dashboard-page'); //cy.get('.user > .btn').click();\n//cy.get('h2').should(\"contain\", \"Login\")",
              "err": {},
              "uuid": "b8b4037c-745e-43fa-9b7c-bb92ab8f01d3",
              "parentUUID": "729c7190-0c66-49ac-b8c6-c0e3117fdde0",
              "isHook": false,
              "skipped": false
            }
          ],
          "suites": [],
          "passes": [
            "b8b4037c-745e-43fa-9b7c-bb92ab8f01d3"
          ],
          "failures": [],
          "pending": [],
          "skipped": [],
          "duration": 15532,
          "root": false,
          "rootEmpty": false,
          "_timeout": 2000
        }
      ],
      "passes": [],
      "failures": [],
      "pending": [],
      "skipped": [],
      "duration": 0,
      "root": true,
      "rootEmpty": true,
      "_timeout": 2000
    }
  ],
  "meta": {
    "mocha": {
      "version": "7.0.1"
    },
    "mochawesome": {
      "options": {
        "quiet": false,
        "reportFilename": "mochawesome",
        "saveHtml": false,
        "saveJson": true,
        "consoleReporter": "spec",
        "useInlineDiffs": false,
        "code": true
      },
      "version": "6.2.2"
    },
    "marge": {
      "options": {
        "reportDir": "cypress/results",
        "overwrite": false,
        "html": false,
        "json": true
      },
      "version": "5.2.0"
    }
  }
}