{
  "stats": {
    "suites": 1,
    "tests": 3,
    "passes": 3,
    "pending": 0,
    "failures": 0,
    "start": "2021-04-22T14:21:11.019Z",
    "end": "2021-04-22T14:21:57.804Z",
    "duration": 28090,
    "testsRegistered": 3,
    "passPercent": 100,
    "pendingPercent": 0,
    "other": 0,
    "hasOther": false,
    "skipped": 0,
    "hasSkipped": false
  },
  "results": [
    {
      "uuid": "552a6c31-f18c-42c5-bcb2-0cdb645ebe58",
      "title": "",
      "fullFile": "cypress/integration/test-suite-with-po.spec.js",
      "file": "cypress/integration/test-suite-with-po.spec.js",
      "beforeHooks": [],
      "afterHooks": [],
      "tests": [],
      "suites": [
        {
          "uuid": "abd2f1e2-d5e8-4fc5-96ea-c86f15bb855b",
          "title": "Test suite with Page-objects",
          "fullFile": "",
          "file": "",
          "beforeHooks": [],
          "afterHooks": [],
          "tests": [
            {
              "title": "Logout",
              "fullTitle": "Test suite with Page-objects Logout",
              "timedOut": null,
              "duration": 6972,
              "state": "passed",
              "speed": "slow",
              "pass": true,
              "fail": false,
              "pending": false,
              "context": null,
              "code": "dashboardPage.performLogout('Login');",
              "err": {},
              "uuid": "ea109f05-988a-48b1-99fe-4fdb8d455617",
              "parentUUID": "abd2f1e2-d5e8-4fc5-96ea-c86f15bb855b",
              "isHook": false,
              "skipped": false
            },
            {
              "title": "Create client and verify, edit client and verify, delete client, logout",
              "fullTitle": "Test suite with Page-objects Create client and verify, edit client and verify, delete client, logout",
              "timedOut": null,
              "duration": 13864,
              "state": "passed",
              "speed": "slow",
              "pass": true,
              "fail": false,
              "pending": false,
              "context": null,
              "code": "dashboardPage.viewClients(\"Clients\");\nclientsPage.viewClientNew(\"New Client\");\nclientNewPage.createClient(firstRandomName, firstRandomMail, firstRandomPhone, \"Clients\");\nclientsPage.verifyLastClient(firstRandomName, firstRandomMail, firstRandomPhone);\nclientsPage.editLastClient(secondRandomName, secondRandomMail, secondRandomPhone);\nclientsPage.verifyLastClient(secondRandomName, secondRandomMail, secondRandomPhone);\nclientsPage.deleteLastClient();\ndashboardPage.performLogout('Login');",
              "err": {},
              "uuid": "d70e60e0-ed4d-40e2-8509-ebcadd981411",
              "parentUUID": "abd2f1e2-d5e8-4fc5-96ea-c86f15bb855b",
              "isHook": false,
              "skipped": false
            },
            {
              "title": "Create bill and verify, edit bill. delete bill, logout",
              "fullTitle": "Test suite with Page-objects Create bill and verify, edit bill. delete bill, logout",
              "timedOut": null,
              "duration": 7254,
              "state": "passed",
              "speed": "slow",
              "pass": true,
              "fail": false,
              "pending": false,
              "context": null,
              "code": "dashboardPage.viewBills(\"Bills\");\nbillsPage.viewBillNew(\"New Bill\");\nbillsNewPage.createBill(firstRandomValue);\nbillsPage.verifyLastBill(firstRandomValue);\nbillsPage.editLastBill(secondRandomValue);\nbillsPage.deleteLastBill();\ndashboardPage.performLogout('Login');",
              "err": {},
              "uuid": "2624dd88-2666-4639-8938-84f8c61a96ee",
              "parentUUID": "abd2f1e2-d5e8-4fc5-96ea-c86f15bb855b",
              "isHook": false,
              "skipped": false
            }
          ],
          "suites": [],
          "passes": [
            "ea109f05-988a-48b1-99fe-4fdb8d455617",
            "d70e60e0-ed4d-40e2-8509-ebcadd981411",
            "2624dd88-2666-4639-8938-84f8c61a96ee"
          ],
          "failures": [],
          "pending": [],
          "skipped": [],
          "duration": 28090,
          "root": false,
          "rootEmpty": false,
          "_timeout": 2000
        }
      ],
      "passes": [],
      "failures": [],
      "pending": [],
      "skipped": [],
      "duration": 0,
      "root": true,
      "rootEmpty": true,
      "_timeout": 2000
    }
  ],
  "meta": {
    "mocha": {
      "version": "7.0.1"
    },
    "mochawesome": {
      "options": {
        "quiet": false,
        "reportFilename": "mochawesome",
        "saveHtml": false,
        "saveJson": true,
        "consoleReporter": "spec",
        "useInlineDiffs": false,
        "code": true
      },
      "version": "6.2.2"
    },
    "marge": {
      "options": {
        "reportDir": "cypress/results",
        "overwrite": false,
        "html": false,
        "json": true
      },
      "version": "5.2.0"
    }
  }
}